2015/06/29 00:32:15 INFO  - jmeter.util.JMeterUtils: Setting Locale to es_ES 
2015/06/29 00:32:15 INFO  - jmeter.util.JMeterUtils: Could not find resources for 'es_ES', using 'es' 
2015/06/29 00:32:15 INFO  - jmeter.JMeter: Loading user properties from: /usr/local/Cellar/jmeter/2.13/libexec/bin/user.properties 
2015/06/29 00:32:15 INFO  - jmeter.JMeter: Loading system properties from: /usr/local/Cellar/jmeter/2.13/libexec/bin/system.properties 
2015/06/29 00:32:15 INFO  - jmeter.JMeter: Copyright (c) 1998-2015 The Apache Software Foundation 
2015/06/29 00:32:15 INFO  - jmeter.JMeter: Version 2.13 r1665067 
2015/06/29 00:32:15 INFO  - jmeter.JMeter: java.version=1.7.0_04 
2015/06/29 00:32:15 INFO  - jmeter.JMeter: java.vm.name=Java HotSpot(TM) 64-Bit Server VM 
2015/06/29 00:32:15 INFO  - jmeter.JMeter: os.name=Mac OS X 
2015/06/29 00:32:15 INFO  - jmeter.JMeter: os.arch=x86_64 
2015/06/29 00:32:15 INFO  - jmeter.JMeter: os.version=10.10.3 
2015/06/29 00:32:15 INFO  - jmeter.JMeter: file.encoding=UTF-8 
2015/06/29 00:32:15 INFO  - jmeter.JMeter: Default Locale=espa単ol (Espa単a) 
2015/06/29 00:32:15 INFO  - jmeter.JMeter: JMeter  Locale=espa単ol (Espa単a) 
2015/06/29 00:32:15 INFO  - jmeter.JMeter: JMeterHome=/usr/local/Cellar/jmeter/2.13/libexec 
2015/06/29 00:32:15 INFO  - jmeter.JMeter: user.dir  =/Users/mbianculli/www/g2/ruby-crawler 
2015/06/29 00:32:15 INFO  - jmeter.JMeter: PWD       =/Users/mbianculli/www/g2/ruby-crawler 
2015/06/29 00:32:15 INFO  - jmeter.JMeter: IP: 192.168.0.5 Name: MacBook-Air-de-Martin.local FullName: 192.168.0.5 
2015/06/29 00:32:17 INFO  - jmeter.gui.action.LookAndFeelCommand: Using look and feel: com.apple.laf.AquaLookAndFeel [Mac OS X, System] 
2015/06/29 00:32:17 INFO  - jmeter.JMeter: Loaded icon properties from org/apache/jmeter/images/icon.properties 
2015/06/29 00:32:20 INFO  - jmeter.engine.util.CompoundVariable: Note: Function class names must contain the string: '.functions.' 
2015/06/29 00:32:20 INFO  - jmeter.engine.util.CompoundVariable: Note: Function class names must not contain the string: '.gui.' 
2015/06/29 00:32:22 INFO  - jmeter.util.BSFTestElement: Registering JMeter version of JavaScript engine as work-round for BSF-22 
2015/06/29 00:32:23 INFO  - jmeter.protocol.http.sampler.HTTPSamplerBase: Cannot find .className property for htmlParser, using default 
2015/06/29 00:32:23 INFO  - jmeter.protocol.http.sampler.HTTPSamplerBase: Parser for text/html is  
2015/06/29 00:32:23 INFO  - jmeter.protocol.http.sampler.HTTPSamplerBase: Parser for application/xhtml+xml is  
2015/06/29 00:32:23 INFO  - jmeter.protocol.http.sampler.HTTPSamplerBase: Parser for application/xml is  
2015/06/29 00:32:23 INFO  - jmeter.protocol.http.sampler.HTTPSamplerBase: Parser for text/xml is  
2015/06/29 00:32:23 INFO  - jmeter.protocol.http.sampler.HTTPSamplerBase: Parser for text/vnd.wap.wml is org.apache.jmeter.protocol.http.parser.RegexpHTMLParser 
2015/06/29 00:32:23 INFO  - jmeter.gui.util.MenuFactory: Skipping org.apache.jmeter.protocol.http.control.gui.WebServiceSamplerGui 
2015/06/29 00:32:23 INFO  - jmeter.gui.util.MenuFactory: Skipping org.apache.jmeter.protocol.http.modifier.gui.ParamModifierGui 
2015/06/29 00:32:23 INFO  - jorphan.exec.KeyToolUtils: keytool found at 'keytool' 
2015/06/29 00:32:23 INFO  - jmeter.protocol.http.proxy.ProxyControl: HTTP(S) Test Script Recorder SSL Proxy will use keys that support embedded 3rd party resources in file /usr/local/Cellar/jmeter/2.13/libexec/bin/proxyserver.jks 
2015/06/29 00:32:24 INFO  - jmeter.samplers.SampleResult: Note: Sample TimeStamps are START times 
2015/06/29 00:32:24 INFO  - jmeter.samplers.SampleResult: sampleresult.default.encoding is set to ISO-8859-1 
2015/06/29 00:32:24 INFO  - jmeter.samplers.SampleResult: sampleresult.useNanoTime=true 
2015/06/29 00:32:24 INFO  - jmeter.samplers.SampleResult: sampleresult.nanoThreadSleep=5000 
